[0m12:00:55.823503 [debug] [MainThread]: Sending event: {'category': 'dbt', 'action': 'invocation', 'label': 'start', 'context': [<snowplow_tracker.self_describing_json.SelfDescribingJson object at 0x000001920F5E7800>, <snowplow_tracker.self_describing_json.SelfDescribingJson object at 0x000001920F5E78F0>, <snowplow_tracker.self_describing_json.SelfDescribingJson object at 0x000001920F5E7920>]}


============================== 12:00:55.823503 | 8909b998-9ae8-444d-ae5d-b2731ae1c764 ==============================
[0m12:00:55.823503 [info ] [MainThread]: Running with dbt=1.7.10
[0m12:00:55.823503 [debug] [MainThread]: running dbt with arguments {'printer_width': '80', 'indirect_selection': 'eager', 'write_json': 'True', 'log_cache_events': 'False', 'partial_parse': 'True', 'cache_selected_only': 'False', 'warn_error': 'None', 'version_check': 'True', 'profiles_dir': 'C:\\Users\\AdarshPatel\\.dbt', 'log_path': 'logs', 'fail_fast': 'False', 'debug': 'False', 'use_colors': 'True', 'use_experimental_parser': 'False', 'no_print': 'None', 'quiet': 'False', 'warn_error_options': 'WarnErrorOptions(include=[], exclude=[])', 'introspect': 'True', 'log_format': 'default', 'static_parser': 'True', 'target_path': 'None', 'invocation_command': 'dbt init', 'send_anonymous_usage_stats': 'True'}
[0m12:01:12.578939 [debug] [MainThread]: Starter project path: C:\sakila_dbt_course\dbt-venv\Lib\site-packages\dbt\include\starter_project
[0m12:01:12.646547 [info ] [MainThread]: 
Your new dbt project "sakila_dbt" was created!

For more information on how to configure the profiles.yml file,
please consult the dbt documentation here:

  https://docs.getdbt.com/docs/configure-your-profile

One more thing:

Need help? Don't hesitate to reach out to us via GitHub issues or on Slack:

  https://community.getdbt.com/

Happy modeling!

[0m12:01:12.649240 [info ] [MainThread]: Setting up your profile.
[0m12:03:59.615207 [info ] [MainThread]: Profile sakila_dbt written to C:\Users\AdarshPatel\.dbt\profiles.yml using target's profile_template.yml and your supplied values. Run 'dbt debug' to validate the connection.
[0m12:03:59.615207 [debug] [MainThread]: Command `dbt init` succeeded at 12:03:59.615207 after 183.88 seconds
[0m12:03:59.615207 [debug] [MainThread]: Sending event: {'category': 'dbt', 'action': 'invocation', 'label': 'end', 'context': [<snowplow_tracker.self_describing_json.SelfDescribingJson object at 0x000001920F390DA0>, <snowplow_tracker.self_describing_json.SelfDescribingJson object at 0x000001920F390740>, <snowplow_tracker.self_describing_json.SelfDescribingJson object at 0x000001920C6313D0>]}
[0m12:03:59.615207 [debug] [MainThread]: Flushing usage events
[0m12:04:14.016348 [debug] [MainThread]: Sending event: {'category': 'dbt', 'action': 'invocation', 'label': 'start', 'context': [<snowplow_tracker.self_describing_json.SelfDescribingJson object at 0x000001CB26CE7D40>, <snowplow_tracker.self_describing_json.SelfDescribingJson object at 0x000001CB26B9A960>, <snowplow_tracker.self_describing_json.SelfDescribingJson object at 0x000001CB23E7C950>]}


============================== 12:04:14.016348 | 9f9bd5c7-583b-4f08-9bc2-d0a18436a393 ==============================
[0m12:04:14.016348 [info ] [MainThread]: Running with dbt=1.7.10
[0m12:04:14.016348 [debug] [MainThread]: running dbt with arguments {'printer_width': '80', 'indirect_selection': 'eager', 'write_json': 'True', 'log_cache_events': 'False', 'partial_parse': 'True', 'cache_selected_only': 'False', 'profiles_dir': 'C:\\Users\\AdarshPatel\\.dbt', 'debug': 'False', 'warn_error': 'None', 'log_path': 'logs', 'fail_fast': 'False', 'version_check': 'True', 'use_colors': 'True', 'use_experimental_parser': 'False', 'no_print': 'None', 'quiet': 'False', 'log_format': 'default', 'static_parser': 'True', 'introspect': 'True', 'warn_error_options': 'WarnErrorOptions(include=[], exclude=[])', 'target_path': 'None', 'invocation_command': 'dbt debug', 'send_anonymous_usage_stats': 'True'}
[0m12:04:14.016348 [info ] [MainThread]: dbt version: 1.7.10
[0m12:04:14.028605 [info ] [MainThread]: python version: 3.12.2
[0m12:04:14.028605 [info ] [MainThread]: python path: C:\sakila_dbt_course\dbt-venv\Scripts\python.exe
[0m12:04:14.028605 [info ] [MainThread]: os info: Windows-11-10.0.22621-SP0
[0m12:04:14.084977 [info ] [MainThread]: Using profiles dir at C:\Users\AdarshPatel\.dbt
[0m12:04:14.084977 [info ] [MainThread]: Using profiles.yml file at C:\Users\AdarshPatel\.dbt\profiles.yml
[0m12:04:14.084977 [info ] [MainThread]: Using dbt_project.yml file at C:\sakila_dbt_course\dbt_project.yml
[0m12:04:14.098604 [info ] [MainThread]: adapter type: postgres
[0m12:04:14.100109 [info ] [MainThread]: adapter version: 1.7.10
[0m12:04:14.101203 [info ] [MainThread]: Configuration:
[0m12:04:14.101203 [info ] [MainThread]:   profiles.yml file [[32mOK found and valid[0m]
[0m12:04:14.104020 [info ] [MainThread]:   dbt_project.yml file [[31mERROR not found[0m]
[0m12:04:14.104020 [info ] [MainThread]: Required dependencies:
[0m12:04:14.105426 [debug] [MainThread]: Executing "git --help"
[0m12:04:14.121192 [debug] [MainThread]: STDOUT: "b"usage: git [-v | --version] [-h | --help] [-C <path>] [-c <name>=<value>]\n           [--exec-path[=<path>]] [--html-path] [--man-path] [--info-path]\n           [-p | --paginate | -P | --no-pager] [--no-replace-objects] [--bare]\n           [--git-dir=<path>] [--work-tree=<path>] [--namespace=<name>]\n           [--config-env=<name>=<envvar>] <command> [<args>]\n\nThese are common Git commands used in various situations:\n\nstart a working area (see also: git help tutorial)\n   clone     Clone a repository into a new directory\n   init      Create an empty Git repository or reinitialize an existing one\n\nwork on the current change (see also: git help everyday)\n   add       Add file contents to the index\n   mv        Move or rename a file, a directory, or a symlink\n   restore   Restore working tree files\n   rm        Remove files from the working tree and from the index\n\nexamine the history and state (see also: git help revisions)\n   bisect    Use binary search to find the commit that introduced a bug\n   diff      Show changes between commits, commit and working tree, etc\n   grep      Print lines matching a pattern\n   log       Show commit logs\n   show      Show various types of objects\n   status    Show the working tree status\n\ngrow, mark and tweak your common history\n   branch    List, create, or delete branches\n   commit    Record changes to the repository\n   merge     Join two or more development histories together\n   rebase    Reapply commits on top of another base tip\n   reset     Reset current HEAD to the specified state\n   switch    Switch branches\n   tag       Create, list, delete or verify a tag object signed with GPG\n\ncollaborate (see also: git help workflows)\n   fetch     Download objects and refs from another repository\n   pull      Fetch from and integrate with another repository or a local branch\n   push      Update remote refs along with associated objects\n\n'git help -a' and 'git help -g' list available subcommands and some\nconcept guides. See 'git help <command>' or 'git help <concept>'\nto read about a specific subcommand or concept.\nSee 'git help git' for an overview of the system.\n""
[0m12:04:14.121192 [debug] [MainThread]: STDERR: "b''"
[0m12:04:14.121192 [info ] [MainThread]:  - git [[32mOK found[0m]

[0m12:04:14.133211 [info ] [MainThread]: Connection:
[0m12:04:14.134107 [info ] [MainThread]:   host: localhost
[0m12:04:14.134841 [info ] [MainThread]:   port: 5432
[0m12:04:14.134841 [info ] [MainThread]:   user: postgres
[0m12:04:14.134841 [info ] [MainThread]:   database: sakila_wh
[0m12:04:14.134841 [info ] [MainThread]:   schema: stg
[0m12:04:14.134841 [info ] [MainThread]:   connect_timeout: 10
[0m12:04:14.134841 [info ] [MainThread]:   role: None
[0m12:04:14.134841 [info ] [MainThread]:   search_path: None
[0m12:04:14.134841 [info ] [MainThread]:   keepalives_idle: 0
[0m12:04:14.134841 [info ] [MainThread]:   sslmode: None
[0m12:04:14.134841 [info ] [MainThread]:   sslcert: None
[0m12:04:14.134841 [info ] [MainThread]:   sslkey: None
[0m12:04:14.134841 [info ] [MainThread]:   sslrootcert: None
[0m12:04:14.134841 [info ] [MainThread]:   application_name: dbt
[0m12:04:14.134841 [info ] [MainThread]:   retries: 1
[0m12:04:14.134841 [info ] [MainThread]: Registered adapter: postgres=1.7.10
[0m12:04:14.134841 [debug] [MainThread]: Acquiring new postgres connection 'debug'
[0m12:04:14.134841 [debug] [MainThread]: Using postgres connection "debug"
[0m12:04:14.134841 [debug] [MainThread]: On debug: select 1 as id
[0m12:04:14.134841 [debug] [MainThread]: Opening a new connection, currently in state init
[0m12:04:14.168396 [debug] [MainThread]: SQL status: SELECT 1 in 0.0 seconds
[0m12:04:14.168396 [debug] [MainThread]: On debug: Close
[0m12:04:14.168396 [info ] [MainThread]:   Connection test: [[32mOK connection ok[0m]

[0m12:04:14.168396 [info ] [MainThread]: [31m1 check failed:[0m
[0m12:04:14.180961 [info ] [MainThread]: Project loading failed for the following reason:
 project path <C:\sakila_dbt_course\dbt_project.yml> not found

[0m12:04:14.182044 [debug] [MainThread]: Command `dbt debug` failed at 12:04:14.182044 after 0.27 seconds
[0m12:04:14.182044 [debug] [MainThread]: Connection 'debug' was properly closed.
[0m12:04:14.183055 [debug] [MainThread]: Sending event: {'category': 'dbt', 'action': 'invocation', 'label': 'end', 'context': [<snowplow_tracker.self_describing_json.SelfDescribingJson object at 0x000001CB26951400>, <snowplow_tracker.self_describing_json.SelfDescribingJson object at 0x000001CB26CE7D40>, <snowplow_tracker.self_describing_json.SelfDescribingJson object at 0x000001CB26A91730>]}
[0m12:04:14.183055 [debug] [MainThread]: Flushing usage events
[0m12:07:57.537016 [debug] [MainThread]: Sending event: {'category': 'dbt', 'action': 'invocation', 'label': 'start', 'context': [<snowplow_tracker.self_describing_json.SelfDescribingJson object at 0x000002B460B79C70>, <snowplow_tracker.self_describing_json.SelfDescribingJson object at 0x000002B460B79700>, <snowplow_tracker.self_describing_json.SelfDescribingJson object at 0x000002B460B7A9C0>]}


============================== 12:07:57.537016 | 5e3537dd-2341-48d4-b578-307ba6e37d43 ==============================
[0m12:07:57.537016 [info ] [MainThread]: Running with dbt=1.7.10
[0m12:07:57.537016 [debug] [MainThread]: running dbt with arguments {'printer_width': '80', 'indirect_selection': 'eager', 'log_cache_events': 'False', 'write_json': 'True', 'partial_parse': 'True', 'cache_selected_only': 'False', 'warn_error': 'None', 'debug': 'False', 'profiles_dir': 'C:\\Users\\AdarshPatel\\.dbt', 'log_path': 'logs', 'version_check': 'True', 'fail_fast': 'False', 'use_colors': 'True', 'use_experimental_parser': 'False', 'no_print': 'None', 'quiet': 'False', 'warn_error_options': 'WarnErrorOptions(include=[], exclude=[])', 'static_parser': 'True', 'log_format': 'default', 'introspect': 'True', 'target_path': 'None', 'invocation_command': 'dbt debug', 'send_anonymous_usage_stats': 'True'}
[0m12:07:57.537016 [info ] [MainThread]: dbt version: 1.7.10
[0m12:07:57.537016 [info ] [MainThread]: python version: 3.12.2
[0m12:07:57.537016 [info ] [MainThread]: python path: C:\sakila_dbt_course\dbt-venv\Scripts\python.exe
[0m12:07:57.537016 [info ] [MainThread]: os info: Windows-11-10.0.22621-SP0
[0m12:07:57.605238 [info ] [MainThread]: Using profiles dir at C:\Users\AdarshPatel\.dbt
[0m12:07:57.605238 [info ] [MainThread]: Using profiles.yml file at C:\Users\AdarshPatel\.dbt\profiles.yml
[0m12:07:57.605238 [info ] [MainThread]: Using dbt_project.yml file at C:\sakila_dbt_course\dbt_project.yml
[0m12:07:57.605238 [info ] [MainThread]: adapter type: postgres
[0m12:07:57.605238 [info ] [MainThread]: adapter version: 1.7.10
[0m12:07:57.605238 [info ] [MainThread]: Configuration:
[0m12:07:57.605238 [info ] [MainThread]:   profiles.yml file [[32mOK found and valid[0m]
[0m12:07:57.605238 [info ] [MainThread]:   dbt_project.yml file [[31mERROR not found[0m]
[0m12:07:57.605238 [info ] [MainThread]: Required dependencies:
[0m12:07:57.615750 [debug] [MainThread]: Executing "git --help"
[0m12:07:57.643933 [debug] [MainThread]: STDOUT: "b"usage: git [-v | --version] [-h | --help] [-C <path>] [-c <name>=<value>]\n           [--exec-path[=<path>]] [--html-path] [--man-path] [--info-path]\n           [-p | --paginate | -P | --no-pager] [--no-replace-objects] [--bare]\n           [--git-dir=<path>] [--work-tree=<path>] [--namespace=<name>]\n           [--config-env=<name>=<envvar>] <command> [<args>]\n\nThese are common Git commands used in various situations:\n\nstart a working area (see also: git help tutorial)\n   clone     Clone a repository into a new directory\n   init      Create an empty Git repository or reinitialize an existing one\n\nwork on the current change (see also: git help everyday)\n   add       Add file contents to the index\n   mv        Move or rename a file, a directory, or a symlink\n   restore   Restore working tree files\n   rm        Remove files from the working tree and from the index\n\nexamine the history and state (see also: git help revisions)\n   bisect    Use binary search to find the commit that introduced a bug\n   diff      Show changes between commits, commit and working tree, etc\n   grep      Print lines matching a pattern\n   log       Show commit logs\n   show      Show various types of objects\n   status    Show the working tree status\n\ngrow, mark and tweak your common history\n   branch    List, create, or delete branches\n   commit    Record changes to the repository\n   merge     Join two or more development histories together\n   rebase    Reapply commits on top of another base tip\n   reset     Reset current HEAD to the specified state\n   switch    Switch branches\n   tag       Create, list, delete or verify a tag object signed with GPG\n\ncollaborate (see also: git help workflows)\n   fetch     Download objects and refs from another repository\n   pull      Fetch from and integrate with another repository or a local branch\n   push      Update remote refs along with associated objects\n\n'git help -a' and 'git help -g' list available subcommands and some\nconcept guides. See 'git help <command>' or 'git help <concept>'\nto read about a specific subcommand or concept.\nSee 'git help git' for an overview of the system.\n""
[0m12:07:57.644992 [debug] [MainThread]: STDERR: "b''"
[0m12:07:57.645095 [info ] [MainThread]:  - git [[32mOK found[0m]

[0m12:07:57.645095 [info ] [MainThread]: Connection:
[0m12:07:57.645095 [info ] [MainThread]:   host: localhost
[0m12:07:57.645095 [info ] [MainThread]:   port: 5432
[0m12:07:57.645095 [info ] [MainThread]:   user: postgres
[0m12:07:57.645095 [info ] [MainThread]:   database: sakila_wh
[0m12:07:57.645095 [info ] [MainThread]:   schema: stg
[0m12:07:57.645095 [info ] [MainThread]:   connect_timeout: 10
[0m12:07:57.645095 [info ] [MainThread]:   role: None
[0m12:07:57.645095 [info ] [MainThread]:   search_path: None
[0m12:07:57.645095 [info ] [MainThread]:   keepalives_idle: 0
[0m12:07:57.645095 [info ] [MainThread]:   sslmode: None
[0m12:07:57.651265 [info ] [MainThread]:   sslcert: None
[0m12:07:57.651265 [info ] [MainThread]:   sslkey: None
[0m12:07:57.652315 [info ] [MainThread]:   sslrootcert: None
[0m12:07:57.652315 [info ] [MainThread]:   application_name: dbt
[0m12:07:57.653275 [info ] [MainThread]:   retries: 1
[0m12:07:57.653275 [info ] [MainThread]: Registered adapter: postgres=1.7.10
[0m12:07:57.654274 [debug] [MainThread]: Acquiring new postgres connection 'debug'
[0m12:07:57.654835 [debug] [MainThread]: Using postgres connection "debug"
[0m12:07:57.654835 [debug] [MainThread]: On debug: select 1 as id
[0m12:07:57.655840 [debug] [MainThread]: Opening a new connection, currently in state init
[0m12:07:57.676809 [debug] [MainThread]: SQL status: SELECT 1 in 0.0 seconds
[0m12:07:57.676809 [debug] [MainThread]: On debug: Close
[0m12:07:57.686593 [info ] [MainThread]:   Connection test: [[32mOK connection ok[0m]

[0m12:07:57.687606 [info ] [MainThread]: [31m1 check failed:[0m
[0m12:07:57.687606 [info ] [MainThread]: Project loading failed for the following reason:
 project path <C:\sakila_dbt_course\dbt_project.yml> not found

[0m12:07:57.689881 [debug] [MainThread]: Command `dbt debug` failed at 12:07:57.689881 after 0.23 seconds
[0m12:07:57.689881 [debug] [MainThread]: Connection 'debug' was properly closed.
[0m12:07:57.689881 [debug] [MainThread]: Sending event: {'category': 'dbt', 'action': 'invocation', 'label': 'end', 'context': [<snowplow_tracker.self_describing_json.SelfDescribingJson object at 0x000002B460A0AE10>, <snowplow_tracker.self_describing_json.SelfDescribingJson object at 0x000002B460A3DE50>, <snowplow_tracker.self_describing_json.SelfDescribingJson object at 0x000002B45FFE6420>]}
[0m12:07:57.689881 [debug] [MainThread]: Flushing usage events
[0m15:44:25.475191 [debug] [MainThread]: Sending event: {'category': 'dbt', 'action': 'invocation', 'label': 'start', 'context': [<snowplow_tracker.self_describing_json.SelfDescribingJson object at 0x000001FCDC1C1A30>, <snowplow_tracker.self_describing_json.SelfDescribingJson object at 0x000001FCDE90F9E0>, <snowplow_tracker.self_describing_json.SelfDescribingJson object at 0x000001FCDE90F320>]}


============================== 15:44:25.475191 | 1a472b7c-f226-4517-8140-6639d33af4ec ==============================
[0m15:44:25.475191 [info ] [MainThread]: Running with dbt=1.7.10
[0m15:44:25.484844 [debug] [MainThread]: running dbt with arguments {'printer_width': '80', 'indirect_selection': 'eager', 'write_json': 'True', 'log_cache_events': 'False', 'partial_parse': 'True', 'cache_selected_only': 'False', 'warn_error': 'None', 'fail_fast': 'False', 'debug': 'False', 'log_path': 'logs', 'profiles_dir': 'C:\\Users\\AdarshPatel\\.dbt', 'version_check': 'True', 'use_colors': 'True', 'use_experimental_parser': 'False', 'no_print': 'None', 'quiet': 'False', 'log_format': 'default', 'static_parser': 'True', 'introspect': 'True', 'invocation_command': 'dbt init', 'target_path': 'None', 'warn_error_options': 'WarnErrorOptions(include=[], exclude=[])', 'send_anonymous_usage_stats': 'True'}
[0m15:44:40.990354 [debug] [MainThread]: Starter project path: C:\sakila_dbt_course\dbt-venv\Lib\site-packages\dbt\include\starter_project
[0m15:44:41.067132 [info ] [MainThread]: 
Your new dbt project "sakila_course" was created!

For more information on how to configure the profiles.yml file,
please consult the dbt documentation here:

  https://docs.getdbt.com/docs/configure-your-profile

One more thing:

Need help? Don't hesitate to reach out to us via GitHub issues or on Slack:

  https://community.getdbt.com/

Happy modeling!

[0m15:44:41.079549 [info ] [MainThread]: Setting up your profile.
[0m20:09:24.316605 [debug] [MainThread]: Sending event: {'category': 'dbt', 'action': 'invocation', 'label': 'start', 'context': [<snowplow_tracker.self_describing_json.SelfDescribingJson object at 0x0000025C2C4E77D0>, <snowplow_tracker.self_describing_json.SelfDescribingJson object at 0x0000025C2C4E7A40>, <snowplow_tracker.self_describing_json.SelfDescribingJson object at 0x0000025C2C4E78F0>]}


============================== 20:09:24.316605 | b13eef54-9d45-4a80-9397-ef44094e176b ==============================
[0m20:09:24.316605 [info ] [MainThread]: Running with dbt=1.7.10
[0m20:09:24.316605 [debug] [MainThread]: running dbt with arguments {'printer_width': '80', 'indirect_selection': 'eager', 'write_json': 'True', 'log_cache_events': 'False', 'partial_parse': 'True', 'cache_selected_only': 'False', 'profiles_dir': 'C:\\Users\\AdarshPatel\\.dbt', 'fail_fast': 'False', 'version_check': 'True', 'log_path': 'logs', 'warn_error': 'None', 'debug': 'False', 'use_colors': 'True', 'use_experimental_parser': 'False', 'no_print': 'None', 'quiet': 'False', 'warn_error_options': 'WarnErrorOptions(include=[], exclude=[])', 'introspect': 'True', 'log_format': 'default', 'invocation_command': 'dbt init', 'target_path': 'None', 'static_parser': 'True', 'send_anonymous_usage_stats': 'True'}
[0m20:09:33.540548 [debug] [MainThread]: Starter project path: C:\sakila_dbt_course\dbt-venv\Lib\site-packages\dbt\include\starter_project
[0m20:09:33.560320 [info ] [MainThread]: 
Your new dbt project "advenutre" was created!

For more information on how to configure the profiles.yml file,
please consult the dbt documentation here:

  https://docs.getdbt.com/docs/configure-your-profile

One more thing:

Need help? Don't hesitate to reach out to us via GitHub issues or on Slack:

  https://community.getdbt.com/

Happy modeling!

[0m20:09:33.575444 [info ] [MainThread]: Setting up your profile.
[0m20:11:12.005794 [info ] [MainThread]: Profile advenutre written to C:\Users\AdarshPatel\.dbt\profiles.yml using target's profile_template.yml and your supplied values. Run 'dbt debug' to validate the connection.
[0m20:11:12.018364 [debug] [MainThread]: Command `dbt init` succeeded at 20:11:12.018364 after 107.79 seconds
[0m20:11:12.019749 [debug] [MainThread]: Sending event: {'category': 'dbt', 'action': 'invocation', 'label': 'end', 'context': [<snowplow_tracker.self_describing_json.SelfDescribingJson object at 0x0000025C2C0E2B10>, <snowplow_tracker.self_describing_json.SelfDescribingJson object at 0x0000025C2C379520>, <snowplow_tracker.self_describing_json.SelfDescribingJson object at 0x0000025C2B7E54C0>]}
[0m20:11:12.022611 [debug] [MainThread]: Flushing usage events
[0m23:38:37.900146 [debug] [MainThread]: Sending event: {'category': 'dbt', 'action': 'invocation', 'label': 'start', 'context': [<snowplow_tracker.self_describing_json.SelfDescribingJson object at 0x000001D8A265EC60>, <snowplow_tracker.self_describing_json.SelfDescribingJson object at 0x000001D8A265EC90>, <snowplow_tracker.self_describing_json.SelfDescribingJson object at 0x000001D8A265ECC0>]}


============================== 23:38:37.900146 | ab0a9794-4e02-42c3-b1fc-17a00467baa7 ==============================
[0m23:38:37.900146 [info ] [MainThread]: Running with dbt=1.7.10
[0m23:38:37.900146 [debug] [MainThread]: running dbt with arguments {'printer_width': '80', 'indirect_selection': 'eager', 'write_json': 'True', 'log_cache_events': 'False', 'partial_parse': 'True', 'cache_selected_only': 'False', 'warn_error': 'None', 'fail_fast': 'False', 'version_check': 'True', 'log_path': 'logs', 'debug': 'False', 'profiles_dir': 'C:\\Users\\AdarshPatel\\.dbt', 'use_colors': 'True', 'use_experimental_parser': 'False', 'no_print': 'None', 'quiet': 'False', 'log_format': 'default', 'static_parser': 'True', 'invocation_command': 'dbt init', 'introspect': 'True', 'target_path': 'None', 'warn_error_options': 'WarnErrorOptions(include=[], exclude=[])', 'send_anonymous_usage_stats': 'True'}
[0m23:38:47.862828 [debug] [MainThread]: Starter project path: C:\sakila_dbt_course\dbt-venv\Lib\site-packages\dbt\include\starter_project
[0m23:38:47.933922 [info ] [MainThread]: 
Your new dbt project "adventure" was created!

For more information on how to configure the profiles.yml file,
please consult the dbt documentation here:

  https://docs.getdbt.com/docs/configure-your-profile

One more thing:

Need help? Don't hesitate to reach out to us via GitHub issues or on Slack:

  https://community.getdbt.com/

Happy modeling!

[0m23:38:47.940394 [info ] [MainThread]: Setting up your profile.
[0m23:40:09.476246 [info ] [MainThread]: Profile adventure written to C:\Users\AdarshPatel\.dbt\profiles.yml using target's profile_template.yml and your supplied values. Run 'dbt debug' to validate the connection.
[0m23:40:09.476246 [debug] [MainThread]: Command `dbt init` succeeded at 23:40:09.476246 after 91.66 seconds
[0m23:40:09.476246 [debug] [MainThread]: Sending event: {'category': 'dbt', 'action': 'invocation', 'label': 'end', 'context': [<snowplow_tracker.self_describing_json.SelfDescribingJson object at 0x000001D8A26CABA0>, <snowplow_tracker.self_describing_json.SelfDescribingJson object at 0x000001D8A2258650>, <snowplow_tracker.self_describing_json.SelfDescribingJson object at 0x000001D8A244CB30>]}
[0m23:40:09.476246 [debug] [MainThread]: Flushing usage events
[0m11:36:53.585890 [debug] [MainThread]: Sending event: {'category': 'dbt', 'action': 'invocation', 'label': 'start', 'context': [<snowplow_tracker.self_describing_json.SelfDescribingJson object at 0x0000023DC8E868D0>, <snowplow_tracker.self_describing_json.SelfDescribingJson object at 0x0000023DC8E85B20>, <snowplow_tracker.self_describing_json.SelfDescribingJson object at 0x0000023DC8E853D0>]}


============================== 11:36:53.601553 | 6b7f08d7-69d2-4605-b31c-ff9cda16b65f ==============================
[0m11:36:53.601553 [info ] [MainThread]: Running with dbt=1.7.10
[0m11:36:53.601553 [debug] [MainThread]: running dbt with arguments {'printer_width': '80', 'indirect_selection': 'eager', 'log_cache_events': 'False', 'write_json': 'True', 'partial_parse': 'True', 'cache_selected_only': 'False', 'warn_error': 'None', 'fail_fast': 'False', 'debug': 'False', 'log_path': 'logs', 'profiles_dir': 'C:\\Users\\AdarshPatel\\.dbt', 'version_check': 'True', 'use_colors': 'True', 'use_experimental_parser': 'False', 'no_print': 'None', 'quiet': 'False', 'log_format': 'default', 'introspect': 'True', 'static_parser': 'True', 'warn_error_options': 'WarnErrorOptions(include=[], exclude=[])', 'target_path': 'None', 'invocation_command': 'dbt run', 'send_anonymous_usage_stats': 'True'}
[0m11:36:53.601553 [error] [MainThread]: Encountered an error:
Runtime Error
  No dbt_project.yml found at expected path C:\sakila_dbt\dbt_project.yml
  Verify that each entry within packages.yml (and their transitive dependencies) contains a file named dbt_project.yml
  
[0m11:36:53.601553 [debug] [MainThread]: Command `dbt run` failed at 11:36:53.601553 after 0.15 seconds
[0m11:36:53.601553 [debug] [MainThread]: Sending event: {'category': 'dbt', 'action': 'invocation', 'label': 'end', 'context': [<snowplow_tracker.self_describing_json.SelfDescribingJson object at 0x0000023DC8D802F0>, <snowplow_tracker.self_describing_json.SelfDescribingJson object at 0x0000023DC8DB4740>, <snowplow_tracker.self_describing_json.SelfDescribingJson object at 0x0000023DC8B351C0>]}
[0m11:36:53.617664 [debug] [MainThread]: Flushing usage events
[0m16:09:33.953342 [debug] [MainThread]: Sending event: {'category': 'dbt', 'action': 'invocation', 'label': 'start', 'context': [<snowplow_tracker.self_describing_json.SelfDescribingJson object at 0x0000018C7137D7C0>, <snowplow_tracker.self_describing_json.SelfDescribingJson object at 0x0000018C7137D9D0>, <snowplow_tracker.self_describing_json.SelfDescribingJson object at 0x0000018C7137D8B0>]}


============================== 16:09:33.953342 | da55e894-140b-4522-beee-35ef01430faa ==============================
[0m16:09:33.953342 [info ] [MainThread]: Running with dbt=1.7.11
[0m16:09:33.961788 [debug] [MainThread]: running dbt with arguments {'printer_width': '80', 'indirect_selection': 'eager', 'write_json': 'True', 'log_cache_events': 'False', 'partial_parse': 'True', 'cache_selected_only': 'False', 'profiles_dir': 'C:\\Users\\AdarshPatel\\.dbt', 'version_check': 'True', 'warn_error': 'None', 'log_path': 'logs', 'fail_fast': 'False', 'debug': 'False', 'use_colors': 'True', 'use_experimental_parser': 'False', 'no_print': 'None', 'quiet': 'False', 'log_format': 'default', 'invocation_command': 'dbt run', 'introspect': 'True', 'warn_error_options': 'WarnErrorOptions(include=[], exclude=[])', 'target_path': 'None', 'static_parser': 'True', 'send_anonymous_usage_stats': 'True'}
[0m16:09:33.963114 [error] [MainThread]: Encountered an error:
Runtime Error
  No dbt_project.yml found at expected path C:\sakila_dbt\dbt_project.yml
  Verify that each entry within packages.yml (and their transitive dependencies) contains a file named dbt_project.yml
  
[0m16:09:33.963697 [debug] [MainThread]: Command `dbt run` failed at 16:09:33.963697 after 0.14 seconds
[0m16:09:33.963697 [debug] [MainThread]: Sending event: {'category': 'dbt', 'action': 'invocation', 'label': 'end', 'context': [<snowplow_tracker.self_describing_json.SelfDescribingJson object at 0x0000018C711A9100>, <snowplow_tracker.self_describing_json.SelfDescribingJson object at 0x0000018C7112CAD0>, <snowplow_tracker.self_describing_json.SelfDescribingJson object at 0x0000018C7137D5E0>]}
[0m16:09:33.963697 [debug] [MainThread]: Flushing usage events
