2024-04-12 11:16:06,651 - INFO - Job started at 2024-04-12 11:16:06
2024-04-12 11:16:14,150 - ERROR - Error loading table stg.adventure_db.adventure_db_stg_targetsales: too many values to unpack (expected 3)
2024-04-12 11:16:14,151 - ERROR - Error loading table stg.adventure_db.adventure_db_stg_salesorderdetail: too many values to unpack (expected 3)
2024-04-12 11:16:14,151 - ERROR - Error loading table stg.adventure_db.adventure_db_stg_product_sub_category: too many values to unpack (expected 3)
2024-04-12 11:16:14,154 - ERROR - Error loading table stg.adventure_db.adventure_db_stg_salesterritory: too many values to unpack (expected 3)
2024-04-12 11:16:14,161 - ERROR - Error loading table stg.adventure_db.adventure_db_stg_salesorderheader: too many values to unpack (expected 3)
2024-04-12 11:16:14,161 - ERROR - Error loading table stg.adventure_db.adventure_db_stg_currency: too many values to unpack (expected 3)
2024-04-12 11:16:14,161 - ERROR - Error loading table stg.adventure_db.adventure_db_stg_store: too many values to unpack (expected 3)
2024-04-12 11:16:14,162 - ERROR - Error loading table stg.adventure_db.adventure_db_stg_product: too many values to unpack (expected 3)
2024-04-12 11:16:14,162 - ERROR - Error loading table stg.adventure_db.adventure_db_stg_currencyrate: too many values to unpack (expected 3)
2024-04-12 11:16:14,162 - ERROR - Error loading table stg.adventure_db.adventure_db_stg_salesperson: too many values to unpack (expected 3)
2024-04-12 11:16:14,163 - ERROR - Error loading table stg.adventure_db.adventure_db_stg_product_category: too many values to unpack (expected 3)
2024-04-12 11:16:14,163 - ERROR - Error loading table stg.adventure_db.adventure_db_stg_source_cred: too many values to unpack (expected 3)
2024-04-12 11:16:14,164 - ERROR - Error loading table stg.adventure_db.adventure_db_stg_customer: too many values to unpack (expected 3)
2024-04-12 11:16:14,164 - ERROR - Error loading table stg.sakila_wh.sakila_wh_stg_actor: too many values to unpack (expected 3)
2024-04-12 11:16:14,164 - ERROR - Error loading table stg.sakila_wh.sakila_wh_stg_film: too many values to unpack (expected 3)
2024-04-12 11:16:14,164 - ERROR - Error loading table stg.sakila_wh.sakila_wh_stg_payment: too many values to unpack (expected 3)
2024-04-12 11:16:14,165 - ERROR - Error loading table stg.sakila_wh.sakila_wh_stg_category: too many values to unpack (expected 3)
2024-04-12 11:16:14,165 - ERROR - Error loading table stg.sakila_wh.sakila_wh_stg_address: too many values to unpack (expected 3)
2024-04-12 11:16:14,165 - ERROR - Error loading table stg.sakila_wh.sakila_wh_stg_city: too many values to unpack (expected 3)
2024-04-12 11:16:14,165 - ERROR - Error loading table stg.sakila_wh.sakila_wh_stg_country: too many values to unpack (expected 3)
2024-04-12 11:16:14,166 - ERROR - Error loading table stg.sakila_wh.sakila_wh_stg_customer: too many values to unpack (expected 3)
2024-04-12 11:16:14,166 - ERROR - Error loading table stg.sakila_wh.sakila_wh_stg_film_actor: too many values to unpack (expected 3)
2024-04-12 11:16:14,166 - ERROR - Error loading table stg.sakila_wh.sakila_wh_stg_film_category: too many values to unpack (expected 3)
2024-04-12 11:16:14,166 - ERROR - Error loading table stg.sakila_wh.sakila_wh_stg_inventory: too many values to unpack (expected 3)
2024-04-12 11:16:14,166 - ERROR - Error loading table stg.sakila_wh.sakila_wh_stg_language: too many values to unpack (expected 3)
2024-04-12 11:16:14,166 - ERROR - Error loading table stg.sakila_wh.sakila_wh_stg_rental: too many values to unpack (expected 3)
2024-04-12 11:16:14,166 - ERROR - Error loading table stg.sakila_wh.sakila_wh_stg_staff: too many values to unpack (expected 3)
2024-04-12 11:16:14,167 - ERROR - Error loading table stg.sakila_wh.sakila_wh_stg_store_sakila: too many values to unpack (expected 3)
2024-04-12 11:16:14,167 - ERROR - Error loading table stg.sakila_wh.sakila_wh_stg_dummytable: too many values to unpack (expected 3)
2024-04-12 11:16:15,525 - INFO - Job completed at 2024-04-12 11:16:15
2024-04-12 11:16:15,526 - INFO - Total job duration: 8.87 seconds.
2024-04-12 11:17:47,812 - INFO - Job started at 2024-04-12 11:17:47
2024-04-12 11:17:55,038 - ERROR - Error loading table stg.adventure_db.adventure_db_stg_targetsales: too many values to unpack (expected 3)
2024-04-12 11:17:55,039 - ERROR - Error loading table stg.adventure_db.adventure_db_stg_salesorderdetail: too many values to unpack (expected 3)
2024-04-12 11:17:55,039 - ERROR - Error loading table stg.adventure_db.adventure_db_stg_product_sub_category: too many values to unpack (expected 3)
2024-04-12 11:17:55,040 - ERROR - Error loading table stg.adventure_db.adventure_db_stg_salesterritory: too many values to unpack (expected 3)
2024-04-12 11:17:55,040 - ERROR - Error loading table stg.adventure_db.adventure_db_stg_salesorderheader: too many values to unpack (expected 3)
2024-04-12 11:17:55,040 - ERROR - Error loading table stg.adventure_db.adventure_db_stg_currency: too many values to unpack (expected 3)
2024-04-12 11:17:55,041 - ERROR - Error loading table stg.adventure_db.adventure_db_stg_store: too many values to unpack (expected 3)
2024-04-12 11:17:55,041 - ERROR - Error loading table stg.adventure_db.adventure_db_stg_product: too many values to unpack (expected 3)
2024-04-12 11:17:55,041 - ERROR - Error loading table stg.adventure_db.adventure_db_stg_currencyrate: too many values to unpack (expected 3)
2024-04-12 11:17:55,041 - ERROR - Error loading table stg.adventure_db.adventure_db_stg_salesperson: too many values to unpack (expected 3)
2024-04-12 11:17:55,041 - ERROR - Error loading table stg.adventure_db.adventure_db_stg_product_category: too many values to unpack (expected 3)
2024-04-12 11:17:55,041 - ERROR - Error loading table stg.adventure_db.adventure_db_stg_source_cred: too many values to unpack (expected 3)
2024-04-12 11:17:55,042 - ERROR - Error loading table stg.adventure_db.adventure_db_stg_customer: too many values to unpack (expected 3)
2024-04-12 11:17:55,042 - ERROR - Error loading table stg.sakila_wh.sakila_wh_stg_actor: too many values to unpack (expected 3)
2024-04-12 11:17:55,042 - ERROR - Error loading table stg.sakila_wh.sakila_wh_stg_film: too many values to unpack (expected 3)
2024-04-12 11:17:55,042 - ERROR - Error loading table stg.sakila_wh.sakila_wh_stg_payment: too many values to unpack (expected 3)
2024-04-12 11:17:55,043 - ERROR - Error loading table stg.sakila_wh.sakila_wh_stg_address: too many values to unpack (expected 3)
2024-04-12 11:17:55,043 - ERROR - Error loading table stg.sakila_wh.sakila_wh_stg_category: too many values to unpack (expected 3)
2024-04-12 11:17:55,043 - ERROR - Error loading table stg.sakila_wh.sakila_wh_stg_city: too many values to unpack (expected 3)
2024-04-12 11:17:55,043 - ERROR - Error loading table stg.sakila_wh.sakila_wh_stg_country: too many values to unpack (expected 3)
2024-04-12 11:17:55,043 - ERROR - Error loading table stg.sakila_wh.sakila_wh_stg_customer: too many values to unpack (expected 3)
2024-04-12 11:17:55,044 - ERROR - Error loading table stg.sakila_wh.sakila_wh_stg_film_actor: too many values to unpack (expected 3)
2024-04-12 11:17:55,044 - ERROR - Error loading table stg.sakila_wh.sakila_wh_stg_film_category: too many values to unpack (expected 3)
2024-04-12 11:17:55,044 - ERROR - Error loading table stg.sakila_wh.sakila_wh_stg_inventory: too many values to unpack (expected 3)
2024-04-12 11:17:55,044 - ERROR - Error loading table stg.sakila_wh.sakila_wh_stg_language: too many values to unpack (expected 3)
2024-04-12 11:17:55,045 - ERROR - Error loading table stg.sakila_wh.sakila_wh_stg_rental: too many values to unpack (expected 3)
2024-04-12 11:17:55,045 - ERROR - Error loading table stg.sakila_wh.sakila_wh_stg_staff: too many values to unpack (expected 3)
2024-04-12 11:17:55,045 - ERROR - Error loading table stg.sakila_wh.sakila_wh_stg_store_sakila: too many values to unpack (expected 3)
2024-04-12 11:17:55,045 - ERROR - Error loading table stg.sakila_wh.sakila_wh_stg_dummytable: too many values to unpack (expected 3)
2024-04-12 11:17:57,076 - INFO - Job completed at 2024-04-12 11:17:57
2024-04-12 11:17:57,076 - INFO - Total job duration: 9.27 seconds.
2024-04-12 14:16:13,885 - INFO - Job started at 2024-04-12 14:16:13
2024-04-12 14:16:17,088 - ERROR - Error loading table stg.adventure_db.adventure_db_stg_targetsales: too many values to unpack (expected 3)
2024-04-12 14:16:17,088 - ERROR - Error loading table stg.adventure_db.adventure_db_stg_salesorderdetail: too many values to unpack (expected 3)
2024-04-12 14:16:17,088 - ERROR - Error loading table stg.adventure_db.adventure_db_stg_product_sub_category: too many values to unpack (expected 3)
2024-04-12 14:16:17,088 - ERROR - Error loading table stg.adventure_db.adventure_db_stg_salesterritory: too many values to unpack (expected 3)
2024-04-12 14:16:17,088 - ERROR - Error loading table stg.adventure_db.adventure_db_stg_salesorderheader: too many values to unpack (expected 3)
2024-04-12 14:16:17,088 - ERROR - Error loading table stg.adventure_db.adventure_db_stg_currency: too many values to unpack (expected 3)
2024-04-12 14:16:17,088 - ERROR - Error loading table stg.adventure_db.adventure_db_stg_store: too many values to unpack (expected 3)
2024-04-12 14:16:17,088 - ERROR - Error loading table stg.adventure_db.adventure_db_stg_product: too many values to unpack (expected 3)
2024-04-12 14:16:17,088 - ERROR - Error loading table stg.adventure_db.adventure_db_stg_currencyrate: too many values to unpack (expected 3)
2024-04-12 14:16:17,088 - ERROR - Error loading table stg.adventure_db.adventure_db_stg_salesperson: too many values to unpack (expected 3)
2024-04-12 14:16:17,088 - ERROR - Error loading table stg.adventure_db.adventure_db_stg_product_category: too many values to unpack (expected 3)
2024-04-12 14:16:17,088 - ERROR - Error loading table stg.adventure_db.adventure_db_stg_source_cred: too many values to unpack (expected 3)
2024-04-12 14:16:17,088 - ERROR - Error loading table stg.adventure_db.adventure_db_stg_customer: too many values to unpack (expected 3)
2024-04-12 14:16:17,088 - ERROR - Error loading table stg.sakila_wh.sakila_wh_stg_actor: too many values to unpack (expected 3)
2024-04-12 14:16:17,088 - ERROR - Error loading table stg.sakila_wh.sakila_wh_stg_film: too many values to unpack (expected 3)
2024-04-12 14:16:17,088 - ERROR - Error loading table stg.sakila_wh.sakila_wh_stg_payment: too many values to unpack (expected 3)
2024-04-12 14:16:17,088 - ERROR - Error loading table stg.sakila_wh.sakila_wh_stg_address: too many values to unpack (expected 3)
2024-04-12 14:16:17,088 - ERROR - Error loading table stg.sakila_wh.sakila_wh_stg_category: too many values to unpack (expected 3)
2024-04-12 14:16:17,088 - ERROR - Error loading table stg.sakila_wh.sakila_wh_stg_city: too many values to unpack (expected 3)
2024-04-12 14:16:17,088 - ERROR - Error loading table stg.sakila_wh.sakila_wh_stg_country: too many values to unpack (expected 3)
2024-04-12 14:16:17,088 - ERROR - Error loading table stg.sakila_wh.sakila_wh_stg_customer: too many values to unpack (expected 3)
2024-04-12 14:16:17,088 - ERROR - Error loading table stg.sakila_wh.sakila_wh_stg_film_actor: too many values to unpack (expected 3)
2024-04-12 14:16:17,088 - ERROR - Error loading table stg.sakila_wh.sakila_wh_stg_film_category: too many values to unpack (expected 3)
2024-04-12 14:16:17,088 - ERROR - Error loading table stg.sakila_wh.sakila_wh_stg_inventory: too many values to unpack (expected 3)
2024-04-12 14:16:17,088 - ERROR - Error loading table stg.sakila_wh.sakila_wh_stg_language: too many values to unpack (expected 3)
2024-04-12 14:16:17,088 - ERROR - Error loading table stg.sakila_wh.sakila_wh_stg_rental: too many values to unpack (expected 3)
2024-04-12 14:16:17,088 - ERROR - Error loading table stg.sakila_wh.sakila_wh_stg_staff: too many values to unpack (expected 3)
2024-04-12 14:16:17,088 - ERROR - Error loading table stg.sakila_wh.sakila_wh_stg_store_sakila: too many values to unpack (expected 3)
2024-04-12 14:16:17,088 - ERROR - Error loading table stg.sakila_wh.sakila_wh_stg_dummytable: too many values to unpack (expected 3)
2024-04-12 14:16:17,601 - INFO - Job completed at 2024-04-12 14:16:17
2024-04-12 14:16:17,601 - INFO - Total job duration: 3.72 seconds.
